<?xml version="1.0" encoding="UTF-8"?>
<testsuite xmlns:xsi="http://www.w3.org/2001/XMLSchema-instance" xsi:noNamespaceSchemaLocation="https://maven.apache.org/surefire/maven-surefire-plugin/xsd/surefire-test-report.xsd" version="3.0.2" name="com.hcltech.poc.order_service.OrderServiceApplicationTests" time="137.129" tests="1" errors="0" skipped="0" failures="0">
  <properties>
[...]
</properties>
  <testcase name="contextLoads" classname="com.hcltech.poc.order_service.OrderServiceApplicationTests" time="3.885">
    <system-out><![CDATA[13:46:41.079 [main] INFO org.springframework.test.context.support.AnnotationConfigContextLoaderUtils -- Could not detect default configuration classes for test class [com.hcltech.poc.order_service.OrderServiceApplicationTests]: OrderServiceApplicationTests does not declare any static, non-private, non-final, nested classes annotated with @Configuration.
13:46:42.345 [main] INFO org.springframework.boot.test.context.SpringBootTestContextBootstrapper -- Found @SpringBootConfiguration com.hcltech.poc.order_service.OrderServiceApplication for test class com.hcltech.poc.order_service.OrderServiceApplicationTests

  .   ____          _            __ _ _
 /\\ / ___'_ __ _ _(_)_ __  __ _ \ \ \ \
( ( )\___ | '_ | '_| | '_ \/ _` | \ \ \ \
 \\/  ___)| |_)| | | | | || (_| |  ) ) ) )
  '  |____| .__|_| |_|_| |_\__, | / / / /
 =========|_|==============|___/=/_/_/_/

 :: Spring Boot ::                (v3.4.2)

2025-11-22T13:46:51.514+05:30  INFO 4368 --- [order-service] [           main] c.h.p.o.OrderServiceApplicationTests     : Starting OrderServiceApplicationTests using Java 17.0.17 with PID 4368 (started by Dell in C:\Users\Dell\Desktop\Terraform\HCL-Pro\hackathon-usecase\order-service)
2025-11-22T13:46:51.521+05:30  INFO 4368 --- [order-service] [           main] c.h.p.o.OrderServiceApplicationTests     : No active profile set, falling back to 1 default profile: "default"
2025-11-22T13:47:49.630+05:30  INFO 4368 --- [order-service] [           main] .s.d.r.c.RepositoryConfigurationDelegate : Bootstrapping Spring Data JPA repositories in DEFAULT mode.
2025-11-22T13:47:50.363+05:30  INFO 4368 --- [order-service] [           main] .s.d.r.c.RepositoryConfigurationDelegate : Finished Spring Data repository scanning in 579 ms. Found 1 JPA repository interface.
2025-11-22T13:47:55.477+05:30  INFO 4368 --- [order-service] [           main] com.zaxxer.hikari.HikariDataSource       : HikariPool-1 - Starting...
2025-11-22T13:47:57.256+05:30  INFO 4368 --- [order-service] [           main] com.zaxxer.hikari.pool.HikariPool        : HikariPool-1 - Added connection conn0: url=jdbc:h2:mem:a4406875-13b5-48e4-92a6-72d9f246c3be user=SA
2025-11-22T13:47:57.272+05:30  INFO 4368 --- [order-service] [           main] com.zaxxer.hikari.HikariDataSource       : HikariPool-1 - Start completed.
2025-11-22T13:47:58.070+05:30  INFO 4368 --- [order-service] [           main] o.hibernate.jpa.internal.util.LogHelper  : HHH000204: Processing PersistenceUnitInfo [name: default]
2025-11-22T13:47:58.631+05:30  INFO 4368 --- [order-service] [           main] org.hibernate.Version                    : HHH000412: Hibernate ORM core version 6.6.5.Final
2025-11-22T13:47:59.019+05:30  INFO 4368 --- [order-service] [           main] o.h.c.internal.RegionFactoryInitiator    : HHH000026: Second-level cache disabled
2025-11-22T13:48:01.396+05:30  INFO 4368 --- [order-service] [           main] o.s.o.j.p.SpringPersistenceUnitInfo      : No LoadTimeWeaver setup: ignoring JPA class transformer
2025-11-22T13:48:02.207+05:30  INFO 4368 --- [order-service] [           main] org.hibernate.orm.connections.pooling    : HHH10001005: Database info:
	Database JDBC URL [Connecting through datasource 'HikariDataSource (HikariPool-1)']
	Database driver: undefined/unknown
	Database version: 2.3.232
	Autocommit mode: undefined/unknown
	Isolation level: undefined/unknown
	Minimum pool size: undefined/unknown
	Maximum pool size: undefined/unknown
2025-11-22T13:48:12.801+05:30  INFO 4368 --- [order-service] [           main] o.h.e.t.j.p.i.JtaPlatformInitiator       : HHH000489: No JTA platform available (set 'hibernate.transaction.jta.platform' to enable JTA platform integration)
2025-11-22T13:48:13.530+05:30  INFO 4368 --- [order-service] [           main] j.LocalContainerEntityManagerFactoryBean : Initialized JPA EntityManagerFactory for persistence unit 'default'
2025-11-22T13:48:47.792+05:30  WARN 4368 --- [order-service] [           main] JpaBaseConfiguration$JpaWebConfiguration : spring.jpa.open-in-view is enabled by default. Therefore, database queries may be performed during view rendering. Explicitly configure spring.jpa.open-in-view to disable this warning
2025-11-22T13:48:51.852+05:30  INFO 4368 --- [order-service] [           main] c.h.p.o.OrderServiceApplicationTests     : Started OrderServiceApplicationTests in 127.404 seconds (process running for 138.355)
]]></system-out>
  </testcase>
</testsuite>